This is pdfTeX, Version 3.1415926-2.4-1.40.13 (TeX Live 2012/Debian) (format=pdflatex 2013.7.27)  2 AUG 2013 15:17
entering extended mode
 restricted \write18 enabled.
 %&-line parsing enabled.
**report.tex
(./report.tex
LaTeX2e <2011/06/27>
Babel <v3.8m> and hyphenation patterns for english, dumylang, nohyphenation, et
hiopic, farsi, arabic, pinyin, croatian, bulgarian, ukrainian, russian, slovak,
 czech, danish, dutch, usenglishmax, ukenglish, finnish, french, basque, ngerma
n, german, swissgerman, ngerman-x-2012-05-30, german-x-2012-05-30, monogreek, g
reek, ibycus, ancientgreek, hungarian, bengali, tamil, hindi, telugu, gujarati,
 sanskrit, malayalam, kannada, assamese, marathi, oriya, panjabi, italian, lati
n, latvian, lithuanian, mongolian, mongolianlmc, nynorsk, bokmal, indonesian, e
speranto, coptic, welsh, irish, interlingua, serbian, serbianc, slovenian, friu
lan, romansh, estonian, romanian, armenian, uppersorbian, turkish, afrikaans, i
celandic, kurmanji, polish, portuguese, galician, catalan, spanish, swedish, th
ai, loaded.
(/usr/share/texlive/texmf-dist/tex/latex/base/article.cls
Document Class: article 2007/10/19 v1.4h Standard LaTeX document class
(/usr/share/texlive/texmf-dist/tex/latex/base/size12.clo
File: size12.clo 2007/10/19 v1.4h Standard LaTeX file (size option)
)
\c@part=\count79
\c@section=\count80
\c@subsection=\count81
\c@subsubsection=\count82
\c@paragraph=\count83
\c@subparagraph=\count84
\c@figure=\count85
\c@table=\count86
\abovecaptionskip=\skip41
\belowcaptionskip=\skip42
\bibindent=\dimen102
)
(/usr/share/texlive/texmf-dist/tex/latex/pdfscreen/pdfscreen.sty
Package: pdfscreen 2000/07/07 v.1.5 screen PDF design (CVR)

(/usr/share/texlive/texmf-dist/tex/latex/graphics/graphicx.sty
Package: graphicx 1999/02/16 v1.0f Enhanced LaTeX Graphics (DPC,SPQR)

(/usr/share/texlive/texmf-dist/tex/latex/graphics/keyval.sty
Package: keyval 1999/03/16 v1.13 key=value parser (DPC)
\KV@toks@=\toks14
)
(/usr/share/texlive/texmf-dist/tex/latex/graphics/graphics.sty
Package: graphics 2009/02/05 v1.0o Standard LaTeX Graphics (DPC,SPQR)

(/usr/share/texlive/texmf-dist/tex/latex/graphics/trig.sty
Package: trig 1999/03/16 v1.09 sin cos tan (DPC)
)
(/usr/share/texlive/texmf-dist/tex/latex/latexconfig/graphics.cfg
File: graphics.cfg 2010/04/23 v1.9 graphics configuration of TeX Live
)
Package graphics Info: Driver file: pdftex.def on input line 91.

(/usr/share/texlive/texmf-dist/tex/latex/pdftex-def/pdftex.def
File: pdftex.def 2011/05/27 v0.06d Graphics/color for pdfTeX

(/usr/share/texlive/texmf-dist/tex/generic/oberdiek/infwarerr.sty
Package: infwarerr 2010/04/08 v1.3 Providing info/warning/error messages (HO)
)
(/usr/share/texlive/texmf-dist/tex/generic/oberdiek/ltxcmds.sty
Package: ltxcmds 2011/11/09 v1.22 LaTeX kernel commands for general use (HO)
)
\Gread@gobject=\count87
))
\Gin@req@height=\dimen103
\Gin@req@width=\dimen104
)
(/usr/share/texlive/texmf-dist/tex/latex/graphics/color.sty
Package: color 2005/11/14 v1.0j Standard LaTeX Color (DPC)

(/usr/share/texlive/texmf-dist/tex/latex/latexconfig/color.cfg
File: color.cfg 2007/01/18 v1.5 color configuration of teTeX/TeXLive
)
Package color Info: Driver file: pdftex.def on input line 130.
)
(/usr/share/texlive/texmf-dist/tex/latex/tools/calc.sty
Package: calc 2007/08/22 v4.3 Infix arithmetic (KKT,FJ)
\calc@Acount=\count88
\calc@Bcount=\count89
\calc@Adimen=\dimen105
\calc@Bdimen=\dimen106
\calc@Askip=\skip43
\calc@Bskip=\skip44
LaTeX Info: Redefining \setlength on input line 76.
LaTeX Info: Redefining \addtolength on input line 77.
\calc@Ccount=\count90
\calc@Cskip=\skip45
)
(/usr/share/texlive/texmf-dist/tex/latex/comment/comment.sty
\CommentStream=\write3

Excluding comment 'comment')
\c@panel=\count91
\c@driver=\count92
\c@scheme=\count93

(/usr/share/texlive/texmf-dist/tex/latex/amsfonts/amssymb.sty
Package: amssymb 2009/06/22 v3.00

(/usr/share/texlive/texmf-dist/tex/latex/amsfonts/amsfonts.sty
Package: amsfonts 2009/06/22 v3.00 Basic AMSFonts support
\@emptytoks=\toks15
\symAMSa=\mathgroup4
\symAMSb=\mathgroup5
LaTeX Font Info:    Overwriting math alphabet `\mathfrak' in version `bold'
(Font)                  U/euf/m/n --> U/euf/b/n on input line 96.
))
(/usr/share/texlive/texmf-dist/tex/latex/hyperref/hyperref.sty
Package: hyperref 2012/05/13 v6.82q Hypertext links for LaTeX

(/usr/share/texlive/texmf-dist/tex/generic/oberdiek/hobsub-hyperref.sty
Package: hobsub-hyperref 2012/05/28 v1.13 Bundle oberdiek, subset hyperref (HO)


(/usr/share/texlive/texmf-dist/tex/generic/oberdiek/hobsub-generic.sty
Package: hobsub-generic 2012/05/28 v1.13 Bundle oberdiek, subset generic (HO)
Package: hobsub 2012/05/28 v1.13 Construct package bundles (HO)
Package hobsub Info: Skipping package `infwarerr' (already loaded).
Package hobsub Info: Skipping package `ltxcmds' (already loaded).
Package: ifluatex 2010/03/01 v1.3 Provides the ifluatex switch (HO)
Package ifluatex Info: LuaTeX not detected.
Package: ifvtex 2010/03/01 v1.5 Detect VTeX and its facilities (HO)
Package ifvtex Info: VTeX not detected.
Package: intcalc 2007/09/27 v1.1 Expandable calculations with integers (HO)
Package: ifpdf 2011/01/30 v2.3 Provides the ifpdf switch (HO)
Package ifpdf Info: pdfTeX in PDF mode is detected.
Package: etexcmds 2011/02/16 v1.5 Avoid name clashes with e-TeX commands (HO)
Package etexcmds Info: Could not find \expanded.
(etexcmds)             That can mean that you are not using pdfTeX 1.50 or
(etexcmds)             that some package has redefined \expanded.
(etexcmds)             In the latter case, load this package earlier.
Package: kvsetkeys 2012/04/25 v1.16 Key value parser (HO)
Package: kvdefinekeys 2011/04/07 v1.3 Define keys (HO)
Package: pdftexcmds 2011/11/29 v0.20 Utility functions of pdfTeX for LuaTeX (HO
)
Package pdftexcmds Info: LuaTeX not detected.
Package pdftexcmds Info: \pdf@primitive is available.
Package pdftexcmds Info: \pdf@ifprimitive is available.
Package pdftexcmds Info: \pdfdraftmode found.
Package: pdfescape 2011/11/25 v1.13 Implements pdfTeX's escape features (HO)
Package: bigintcalc 2012/04/08 v1.3 Expandable calculations on big integers (HO
)
Package: bitset 2011/01/30 v1.1 Handle bit-vector datatype (HO)
Package: uniquecounter 2011/01/30 v1.2 Provide unlimited unique counter (HO)
)
Package hobsub Info: Skipping package `hobsub' (already loaded).
Package: letltxmacro 2010/09/02 v1.4 Let assignment for LaTeX macros (HO)
Package: hopatch 2012/05/28 v1.2 Wrapper for package hooks (HO)
Package: xcolor-patch 2011/01/30 xcolor patch
Package: atveryend 2011/06/30 v1.8 Hooks at the very end of document (HO)
Package atveryend Info: \enddocument detected (standard20110627).
Package: atbegshi 2011/10/05 v1.16 At begin shipout hook (HO)
Package: refcount 2011/10/16 v3.4 Data extraction from label references (HO)
Package: hycolor 2011/01/30 v1.7 Color options for hyperref/bookmark (HO)
)
(/usr/share/texlive/texmf-dist/tex/generic/ifxetex/ifxetex.sty
Package: ifxetex 2010/09/12 v0.6 Provides ifxetex conditional
)
(/usr/share/texlive/texmf-dist/tex/latex/oberdiek/kvoptions.sty
Package: kvoptions 2011/06/30 v3.11 Key value format for package options (HO)
)
\@linkdim=\dimen107
\Hy@linkcounter=\count94
\Hy@pagecounter=\count95

(/usr/share/texlive/texmf-dist/tex/latex/hyperref/pd1enc.def
File: pd1enc.def 2012/05/13 v6.82q Hyperref: PDFDocEncoding definition (HO)
)
\Hy@SavedSpaceFactor=\count96

(/usr/share/texlive/texmf-dist/tex/latex/latexconfig/hyperref.cfg
File: hyperref.cfg 2002/06/06 v1.2 hyperref configuration of TeXLive
)
Package hyperref Info: Option `bookmarksopen' set `true' on input line 3941.
Package hyperref Info: Option `colorlinks' set `true' on input line 3941.
Package hyperref Info: Hyper figures OFF on input line 4062.
Package hyperref Info: Link nesting OFF on input line 4067.
Package hyperref Info: Hyper index ON on input line 4070.
Package hyperref Info: Plain pages OFF on input line 4077.
Package hyperref Info: Backreferencing OFF on input line 4082.
Package hyperref Info: Implicit mode ON; LaTeX internals redefined.
Package hyperref Info: Bookmarks ON on input line 4300.
\c@Hy@tempcnt=\count97

(/usr/share/texlive/texmf-dist/tex/latex/url/url.sty
\Urlmuskip=\muskip10
Package: url 2006/04/12  ver 3.3  Verb mode for urls, etc.
)
LaTeX Info: Redefining \url on input line 4653.
\Fld@menulength=\count98
\Field@Width=\dimen108
\Fld@charsize=\dimen109
Package hyperref Info: Hyper figures OFF on input line 5773.
Package hyperref Info: Link nesting OFF on input line 5778.
Package hyperref Info: Hyper index ON on input line 5781.
Package hyperref Info: backreferencing OFF on input line 5788.
Package hyperref Info: Link coloring ON on input line 5791.
Package hyperref Info: Link coloring with OCG OFF on input line 5798.
Package hyperref Info: PDF/A mode OFF on input line 5803.
LaTeX Info: Redefining \ref on input line 5843.
LaTeX Info: Redefining \pageref on input line 5847.
\Hy@abspage=\count99
\c@Item=\count100
\c@Hfootnote=\count101
)

Package hyperref Message: Driver: hpdftex.

(/usr/share/texlive/texmf-dist/tex/latex/hyperref/hpdftex.def
File: hpdftex.def 2012/05/13 v6.82q Hyperref driver for pdfTeX
\Fld@listcount=\count102
\c@bookmark@seq@number=\count103

(/usr/share/texlive/texmf-dist/tex/latex/oberdiek/rerunfilecheck.sty
Package: rerunfilecheck 2011/04/15 v1.7 Rerun checks for auxiliary files (HO)
Package uniquecounter Info: New unique counter `rerunfilecheck' on input line 2
82.
)
\Hy@SectionHShift=\skip46
)
Include comment 'print' Excluding comment 'screen'
(/usr/share/texlive/texmf-dist/tex/latex/fancybox/fancybox.sty
Package: fancybox 2010/05/15 1.4

Style option: `fancybox' v1.4 <2010/05/15> (tvz)
\@fancybox=\box26
\shadowsize=\dimen110
\@Sbox=\box27
\do@VerbBox=\toks16
\the@fancyput=\toks17
\this@fancyput=\toks18
\EndVerbatimTokens=\toks19
\Verbatim@Outfile=\write4
\Verbatim@Infile=\read1
)
\@PDFmpht=\dimen111
\c@slide=\count104
\c@slideoverlay=\count105
)
\openout3 = `comment.cut'.

 (./comment.cut
(/usr/share/texlive/texmf-dist/tex/latex/lastpage/lastpage.sty
Package: lastpage 2011/09/01 v1.2k Refers to last page's name (HMM; JPG)
)
(./macro/macro.sty)
(/usr/share/texlive/texmf-dist/tex/latex/fancyhdr/fancyhdr.sty
\fancy@headwidth=\skip47
\f@ncyO@elh=\skip48
\f@ncyO@erh=\skip49
\f@ncyO@olh=\skip50
\f@ncyO@orh=\skip51
\f@ncyO@elf=\skip52
\f@ncyO@erf=\skip53
\f@ncyO@olf=\skip54
\f@ncyO@orf=\skip55
)
(/usr/share/texlive/texmf-dist/tex/latex/tools/verbatim.sty
Package: verbatim 2003/08/22 v1.5q LaTeX2e package for verbatim enhancements
\every@verbatim=\toks20
\verbatim@line=\toks21
\verbatim@in@stream=\read2
)
(/usr/share/texlive/texmf-dist/tex/latex/geometry/geometry.sty
Package: geometry 2010/09/12 v5.6 Page Geometry
\Gm@cnth=\count106
\Gm@cntv=\count107
\c@Gm@tempcnt=\count108
\Gm@bindingoffset=\dimen112
\Gm@wd@mp=\dimen113
\Gm@odd@mp=\dimen114
\Gm@even@mp=\dimen115
\Gm@layoutwidth=\dimen116
\Gm@layoutheight=\dimen117
\Gm@layouthoffset=\dimen118
\Gm@layoutvoffset=\dimen119
\Gm@dimlist=\toks22
)) (./report.aux

LaTeX Warning: Label `' multiply defined.


LaTeX Warning: Label `' multiply defined.


LaTeX Warning: Label `' multiply defined.


LaTeX Warning: Label `' multiply defined.


LaTeX Warning: Label `' multiply defined.


LaTeX Warning: Label `' multiply defined.

)
\openout1 = `report.aux'.

LaTeX Font Info:    Checking defaults for OML/cmm/m/it on input line 25.
LaTeX Font Info:    ... okay on input line 25.
LaTeX Font Info:    Checking defaults for T1/cmr/m/n on input line 25.
LaTeX Font Info:    ... okay on input line 25.
LaTeX Font Info:    Checking defaults for OT1/cmr/m/n on input line 25.
LaTeX Font Info:    ... okay on input line 25.
LaTeX Font Info:    Checking defaults for OMS/cmsy/m/n on input line 25.
LaTeX Font Info:    ... okay on input line 25.
LaTeX Font Info:    Checking defaults for OMX/cmex/m/n on input line 25.
LaTeX Font Info:    ... okay on input line 25.
LaTeX Font Info:    Checking defaults for U/cmr/m/n on input line 25.
LaTeX Font Info:    ... okay on input line 25.
LaTeX Font Info:    Checking defaults for PD1/pdf/m/n on input line 25.
LaTeX Font Info:    ... okay on input line 25.
 (/usr/share/texlive/texmf-dist/tex/context/base/supp-pdf.mkii
[Loading MPS to PDF converter (version 2006.09.02).]
\scratchcounter=\count109
\scratchdimen=\dimen120
\scratchbox=\box28
\nofMPsegments=\count110
\nofMParguments=\count111
\everyMPshowfont=\toks23
\MPscratchCnt=\count112
\MPscratchDim=\dimen121
\MPnumerator=\count113
\makeMPintoPDFobject=\count114
\everyMPtoPDFconversion=\toks24
) (/usr/share/texlive/texmf-dist/tex/latex/oberdiek/epstopdf-base.sty
Package: epstopdf-base 2010/02/09 v2.5 Base part for package epstopdf

(/usr/share/texlive/texmf-dist/tex/latex/oberdiek/grfext.sty
Package: grfext 2010/08/19 v1.1 Manage graphics extensions (HO)
)
Package grfext Info: Graphics extension search list:
(grfext)             [.png,.pdf,.jpg,.mps,.jpeg,.jbig2,.jb2,.PNG,.PDF,.JPG,.JPE
G,.JBIG2,.JB2,.eps]
(grfext)             \AppendGraphicsExtensions on input line 452.

(/usr/share/texlive/texmf-dist/tex/latex/latexconfig/epstopdf-sys.cfg
File: epstopdf-sys.cfg 2010/07/13 v1.3 Configuration of (r)epstopdf for TeX Liv
e
))
\AtBeginShipoutBox=\box29
Package hyperref Info: Link coloring ON on input line 25.

(/usr/share/texlive/texmf-dist/tex/latex/hyperref/nameref.sty
Package: nameref 2010/04/30 v2.40 Cross-referencing by name of section

(/usr/share/texlive/texmf-dist/tex/generic/oberdiek/gettitlestring.sty
Package: gettitlestring 2010/12/03 v1.4 Cleanup title references (HO)
)
\c@section@level=\count115
)
LaTeX Info: Redefining \ref on input line 25.
LaTeX Info: Redefining \pageref on input line 25.
LaTeX Info: Redefining \nameref on input line 25.

(./report.out) (./report.out)
\@outlinefile=\write5
\openout5 = `report.out'.

Package lastpage Info: Please have a look at the pageslts package at
(lastpage)             http://www.ctan.org/tex-archive/ 
(lastpage)             macros/latex/contrib/pageslts/ 
(lastpage)             or
(lastpage)             http://www.ctan.org/tex-archive/ 
(lastpage)             install/macros/latex/contrib/pageslts.tds.zip
(lastpage)             ! on input line 25.

*geometry* driver: auto-detecting
*geometry* detected driver: pdftex
*geometry* verbose mode - [ preamble ] result:
* driver: pdftex
* paper: <default>
* layout: <same size as paper>
* layoutoffset:(h,v)=(0.0pt,0.0pt)
* modes: 
* h-part:(L,W,R)=(71.13188pt, 500.484pt, 42.67912pt)
* v-part:(T,H,B)=(71.13188pt, 681.15898pt, 42.67912pt)
* \paperwidth=614.295pt
* \paperheight=794.96999pt
* \textwidth=500.484pt
* \textheight=681.15898pt
* \oddsidemargin=-1.1381pt
* \evensidemargin=-1.1381pt
* \topmargin=-38.1381pt
* \headheight=12.0pt
* \headsep=25.0pt
* \topskip=12.0pt
* \footskip=30.0pt
* \marginparwidth=44.0pt
* \marginparsep=10.0pt
* \columnsep=10.0pt
* \skip\footins=10.8pt plus 4.0pt minus 2.0pt
* \hoffset=0.0pt
* \voffset=0.0pt
* \mag=1000
* \@twocolumnfalse
* \@twosidefalse
* \@mparswitchfalse
* \@reversemarginfalse
* (1in=72.27pt=25.4mm, 1cm=28.453pt)

(./input/titlepage.tex) <images/gne.jpg, id=257, 160.6pt x 167.62625pt>
File: images/gne.jpg Graphic file (type jpg)

<use images/gne.jpg>
Package pdftex.def Info: images/gne.jpg used on input line 32.
(pdftex.def)             Requested size: 112.41922pt x 117.33755pt.
LaTeX Font Info:    Try loading font information for U+msa on input line 32.
 (/usr/share/texlive/texmf-dist/tex/latex/amsfonts/umsa.fd
File: umsa.fd 2009/06/22 v3.00 AMS symbols A
)
LaTeX Font Info:    Try loading font information for U+msb on input line 32.
(/usr/share/texlive/texmf-dist/tex/latex/amsfonts/umsb.fd
File: umsb.fd 2009/06/22 v3.00 AMS symbols B
) [1

{/var/lib/texmf/fonts/map/pdftex/updmap/pdftex.map} <./images/gne.jpg>]
(./input/acknowledgement.tex
Underfull \hbox (badness 10000) in paragraph at lines 4--24

 []


Underfull \hbox (badness 10000) in paragraph at lines 4--24

 []


Underfull \hbox (badness 10000) in paragraph at lines 4--24

 []


Underfull \hbox (badness 10000) in paragraph at lines 4--24

 []


Underfull \hbox (badness 10000) in paragraph at lines 4--24

 []


Underfull \hbox (badness 10000) in paragraph at lines 4--24

 []

)

Package Fancyhdr Warning: \headheight is too small (12.0pt): 
 Make it at least 18.0pt.
 We now make it that large for the rest of the document.
 This may cause the page layout to be inconsistent, however.

[1] (./input/abstract.tex)
Underfull \hbox (badness 10000) in paragraph at lines 5--41

 []


Underfull \hbox (badness 10000) in paragraph at lines 5--41

 []


Package Fancyhdr Warning: \headheight is too small (12.0pt): 
 Make it at least 18.0pt.
 We now make it that large for the rest of the document.
 This may cause the page layout to be inconsistent, however.

[2] (./report.toc

Package Fancyhdr Warning: \headheight is too small (12.0pt): 
 Make it at least 18.0pt.
 We now make it that large for the rest of the document.
 This may cause the page layout to be inconsistent, however.

[3])
\tf@toc=\write6
\openout6 = `report.toc'.



Package Fancyhdr Warning: \headheight is too small (12.0pt): 
 Make it at least 18.0pt.
 We now make it that large for the rest of the document.
 This may cause the page layout to be inconsistent, however.

[4] (./report.lof)
\tf@lof=\write7
\openout7 = `report.lof'.



Package Fancyhdr Warning: \headheight is too small (12.0pt): 
 Make it at least 18.0pt.
 We now make it that large for the rest of the document.
 This may cause the page layout to be inconsistent, however.

[5] (./input/organisation.tex
Missing character: There is no ‚ in font cmr12!
Missing character: There is no Ä in font cmr12!
Missing character: There is no ú in font cmr12!
Missing character: There is no ‚ in font cmr12!
Missing character: There is no Ä in font cmr12!
Missing character: There is no ù in font cmr12!

<images/gndec.jpg, id=409, 301.125pt x 225.84375pt>
File: images/gndec.jpg Graphic file (type jpg)
 <use images/gndec.jpg>
Package pdftex.def Info: images/gndec.jpg used on input line 13.
(pdftex.def)             Requested size: 271.00998pt x 203.25748pt.

Underfull \hbox (badness 10000) in paragraph at lines 2--14

 []


Underfull \hbox (badness 10000) in paragraph at lines 2--14

 []


Underfull \hbox (badness 10000) in paragraph at lines 15--22

 []

LaTeX Font Info:    Try loading font information for OMS+cmr on input line 23.
(/usr/share/texlive/texmf-dist/tex/latex/base/omscmr.fd
File: omscmr.fd 1999/05/25 v2.5h Standard LaTeX font definitions
)
LaTeX Font Info:    Font shape `OMS/cmr/m/n' in size <12> not available
(Font)              Font shape `OMS/cmsy/m/n' tried instead on input line 23.

<images/aw.jpg, id=410, 500.87125pt x 232.87pt>
File: images/aw.jpg Graphic file (type jpg)
 <use images/aw.jpg>
Package pdftex.def Info: images/aw.jpg used on input line 36.
(pdftex.def)             Requested size: 450.77994pt x 209.58104pt.

Underfull \hbox (badness 10000) in paragraph at lines 30--37

 []


Package Fancyhdr Warning: \headheight is too small (12.0pt): 
 Make it at least 18.0pt.
 We now make it that large for the rest of the document.
 This may cause the page layout to be inconsistent, however.

pdfTeX warning (ext4): destination with the same identifier (name{page.1}) has 
been already used, duplicate ignored
<to be read again> 
                   \relax 
l.37 
      [1 <./images/gndec.jpg>]
Underfull \hbox (badness 10000) in paragraph at lines 38--47

 []


Underfull \hbox (badness 10000) in paragraph at lines 38--47

 []


Package Fancyhdr Warning: \headheight is too small (12.0pt): 
 Make it at least 18.0pt.
 We now make it that large for the rest of the document.
 This may cause the page layout to be inconsistent, however.

[2 <./images/aw.jpg>])

Package Fancyhdr Warning: \headheight is too small (12.0pt): 
 Make it at least 18.0pt.
 We now make it that large for the rest of the document.
 This may cause the page layout to be inconsistent, however.

[3] (./input/latex.tex
Missing character: There is no À in font cmr12!
Missing character: There is no à in font cmr12!
Missing character: There is no … in font cmr12!
Missing character: There is no ™ in font cmr12!
Missing character: There is no … in font cmr12!
Missing character: There is no õ in font cmr12!
Missing character: There is no À in font cmr12!
Missing character: There is no à in font cmr12!
Missing character: There is no … in font cmr12!
Missing character: There is no ™ in font cmr12!
Missing character: There is no … in font cmr12!
Missing character: There is no õ in font cmr12!
Missing character: There is no À in font cmr12!
Missing character: There is no à in font cmr12!
Missing character: There is no … in font cmr12!
Missing character: There is no ë in font cmr12!
Missing character: There is no À in font cmr12!
Missing character: There is no ê in font cmr12!
Missing character: There is no … in font cmr12!
Missing character: There is no õ in font cmr12!
Missing character: There is no À in font cmr12!
Missing character: There is no à in font cmr12!
Missing character: There is no … in font cmr12!
Missing character: There is no ë in font cmr12!
Missing character: There is no À in font cmr12!
Missing character: There is no ê in font cmr12!
Missing character: There is no … in font cmr12!
Missing character: There is no õ in font cmr12!
 <images/donald.jpg, id=424, 200.75pt x 250.9375pt>
File: images/donald.jpg Graphic file (type jpg)

<use images/donald.jpg>
Package pdftex.def Info: images/donald.jpg used on input line 10.
(pdftex.def)             Requested size: 80.29857pt x 100.37321pt.


Package Fancyhdr Warning: \headheight is too small (12.0pt): 
 Make it at least 18.0pt.
 We now make it that large for the rest of the document.
 This may cause the page layout to be inconsistent, however.

[4 <./images/donald.jpg>])

Package Fancyhdr Warning: \headheight is too small (12.0pt): 
 Make it at least 18.0pt.
 We now make it that large for the rest of the document.
 This may cause the page layout to be inconsistent, however.

[5] (./input/project-preview.tex
Underfull \hbox (badness 10000) in paragraph at lines 8--13

 []

)

Package Fancyhdr Warning: \headheight is too small (12.0pt): 
 Make it at least 18.0pt.
 We now make it that large for the rest of the document.
 This may cause the page layout to be inconsistent, however.

[6] (./input/myproject.tex

Package Fancyhdr Warning: \headheight is too small (12.0pt): 
 Make it at least 18.0pt.
 We now make it that large for the rest of the document.
 This may cause the page layout to be inconsistent, however.

[7]
Underfull \hbox (badness 10000) in paragraph at lines 57--62

 []

<images/cushy.png, id=445, 250.9375pt x 301.125pt>
File: images/cushy.png Graphic file (type png)
 <use images/cushy.png>
Package pdftex.def Info: images/cushy.png used on input line 80.
(pdftex.def)             Requested size: 225.84164pt x 271.00998pt.


Package Fancyhdr Warning: \headheight is too small (12.0pt): 
 Make it at least 18.0pt.
 We now make it that large for the rest of the document.
 This may cause the page layout to be inconsistent, however.

[8 <./images/cushy.png>]
Underfull \hbox (badness 10000) in paragraph at lines 84--89

 []

<images/serpentine.png, id=452, 250.9375pt x 301.125pt>
File: images/serpentine.png Graphic file (type png)

<use images/serpentine.png>
Package pdftex.def Info: images/serpentine.png used on input line 107.
(pdftex.def)             Requested size: 225.84164pt x 271.00998pt.


Package Fancyhdr Warning: \headheight is too small (12.0pt): 
 Make it at least 18.0pt.
 We now make it that large for the rest of the document.
 This may cause the page layout to be inconsistent, however.

[9 <./images/serpentine.png>]
Underfull \hbox (badness 10000) in paragraph at lines 111--115

 []

<images/flipflop.png, id=458, 250.9375pt x 301.125pt>
File: images/flipflop.png Graphic file (type png)

<use images/flipflop.png>
Package pdftex.def Info: images/flipflop.png used on input line 124.
(pdftex.def)             Requested size: 225.84164pt x 271.00998pt.


Package Fancyhdr Warning: \headheight is too small (12.0pt): 
 Make it at least 18.0pt.
 We now make it that large for the rest of the document.
 This may cause the page layout to be inconsistent, however.

[10 <./images/flipflop.png>]
Underfull \hbox (badness 10000) in paragraph at lines 128--131

 []

<images/triplet.png, id=464, 250.9375pt x 301.125pt>
File: images/triplet.png Graphic file (type png)
 <use images/triplet.png>
Package pdftex.def Info: images/triplet.png used on input line 144.
(pdftex.def)             Requested size: 225.84164pt x 271.00998pt.


Package Fancyhdr Warning: \headheight is too small (12.0pt): 
 Make it at least 18.0pt.
 We now make it that large for the rest of the document.
 This may cause the page layout to be inconsistent, however.

[11 <./images/triplet.png>]
Underfull \hbox (badness 10000) in paragraph at lines 148--151

 []

<images/quadlet.png, id=470, 250.9375pt x 301.125pt>
File: images/quadlet.png Graphic file (type png)
 <use images/quadlet.png>
Package pdftex.def Info: images/quadlet.png used on input line 166.
(pdftex.def)             Requested size: 225.84164pt x 271.00998pt.


Package Fancyhdr Warning: \headheight is too small (12.0pt): 
 Make it at least 18.0pt.
 We now make it that large for the rest of the document.
 This may cause the page layout to be inconsistent, however.

[12 <./images/quadlet.png>]

Package Fancyhdr Warning: \headheight is too small (12.0pt): 
 Make it at least 18.0pt.
 We now make it that large for the rest of the document.
 This may cause the page layout to be inconsistent, however.

[13]) (./input/tools.tex

Package Fancyhdr Warning: \headheight is too small (12.0pt): 
 Make it at least 18.0pt.
 We now make it that large for the rest of the document.
 This may cause the page layout to be inconsistent, however.

[14]
Missing character: There is no ‚ in font cmr12!
Missing character: There is no Ä in font cmr12!
Missing character: There is no ì in font cmr12!
Missing character: There is no ‚ in font cmr12!
Missing character: There is no Ä in font cmr12!
Missing character: There is no ì in font cmr12!
Missing character: There is no ‚ in font cmr12!
Missing character: There is no Ä in font cmr12!
Missing character: There is no ì in font cmr12!

Underfull \hbox (badness 10000) in paragraph at lines 5--6

 []


Underfull \hbox (badness 10000) in paragraph at lines 7--8

 []

Missing character: There is no ‚ in font cmr12!
Missing character: There is no Ä in font cmr12!
Missing character: There is no ò in font cmr12!
Missing character: There is no ‚ in font cmr12!
Missing character: There is no Ä in font cmr12!
Missing character: There is no ô in font cmr12!

Package Fancyhdr Warning: \headheight is too small (12.0pt): 
 Make it at least 18.0pt.
 We now make it that large for the rest of the document.
 This may cause the page layout to be inconsistent, however.

[15] <images/image.jpg, id=490, 248.93pt x 196.735pt>
File: images/image.jpg Graphic file (type jpg)
 <use images/image.jpg>
Package pdftex.def Info: images/image.jpg used on input line 40.
(pdftex.def)             Requested size: 174.2498pt x 137.71355pt.


Package Fancyhdr Warning: \headheight is too small (12.0pt): 
 Make it at least 18.0pt.
 We now make it that large for the rest of the document.
 This may cause the page layout to be inconsistent, however.

[16 <./images/image.jpg>]
Missing character: There is no ‚ in font cmr12!
Missing character: There is no Ä in font cmr12!
Missing character: There is no ú in font cmr12!
Missing character: There is no ‚ in font cmr12!
Missing character: There is no Ä in font cmr12!
Missing character: There is no ù in font cmr12!
Missing character: There is no ‚ in font cmr12!
Missing character: There is no Ä in font cmr12!
Missing character: There is no ú in font cmr12!
Missing character: There is no ‚ in font cmr12!
Missing character: There is no Ä in font cmr12!
Missing character: There is no ù in font cmr12!


Package Fancyhdr Warning: \headheight is too small (12.0pt): 
 Make it at least 18.0pt.
 We now make it that large for the rest of the document.
 This may cause the page layout to be inconsistent, however.

[17]
Missing character: There is no ‚ in font cmr12!
Missing character: There is no Ä in font cmr12!
Missing character: There is no ú in font cmr12!
Missing character: There is no ‚ in font cmr12!
Missing character: There is no Ä in font cmr12!
Missing character: There is no ù in font cmr12!
Missing character: There is no ‚ in font cmr12!
Missing character: There is no Ä in font cmr12!
Missing character: There is no ú in font cmr12!
Missing character: There is no ‚ in font cmr12!
Missing character: There is no Ä in font cmr12!
Missing character: There is no ù in font cmr12!
Missing character: There is no ‚ in font cmr12!
Missing character: There is no Ä in font cmr12!
Missing character: There is no ô in font cmr12!


Package Fancyhdr Warning: \headheight is too small (12.0pt): 
 Make it at least 18.0pt.
 We now make it that large for the rest of the document.
 This may cause the page layout to be inconsistent, however.

[18]
Missing character: There is no ‚ in font cmr12!
Missing character: There is no Ä in font cmr12!
Missing character: There is no ú in font cmr12!
Missing character: There is no ‚ in font cmr12!
Missing character: There is no Ä in font cmr12!
Missing character: There is no ù in font cmr12!


Package Fancyhdr Warning: \headheight is too small (12.0pt): 
 Make it at least 18.0pt.
 We now make it that large for the rest of the document.
 This may cause the page layout to be inconsistent, however.

[19]

Package Fancyhdr Warning: \headheight is too small (12.0pt): 
 Make it at least 18.0pt.
 We now make it that large for the rest of the document.
 This may cause the page layout to be inconsistent, however.

[20]
Underfull \hbox (badness 10000) in paragraph at lines 210--224

 []


Underfull \hbox (badness 10000) in paragraph at lines 210--224

 []


Underfull \hbox (badness 10000) in paragraph at lines 210--224

 []


Underfull \hbox (badness 10000) in paragraph at lines 225--229

 []


Underfull \hbox (badness 10000) in paragraph at lines 230--232

 []


Package Fancyhdr Warning: \headheight is too small (12.0pt): 
 Make it at least 18.0pt.
 We now make it that large for the rest of the document.
 This may cause the page layout to be inconsistent, however.

[21] <images/cgiarch.png, id=516, 308.15125pt x 199.74625pt>
File: images/cgiarch.png Graphic file (type png)

<use images/cgiarch.png>
Package pdftex.def Info: images/cgiarch.png used on input line 272.
(pdftex.def)             Requested size: 215.70439pt x 139.82141pt.


Package Fancyhdr Warning: \headheight is too small (12.0pt): 
 Make it at least 18.0pt.
 We now make it that large for the rest of the document.
 This may cause the page layout to be inconsistent, however.

[22 <./images/cgiarch.png>]

Package Fancyhdr Warning: \headheight is too small (12.0pt): 
 Make it at least 18.0pt.
 We now make it that large for the rest of the document.
 This may cause the page layout to be inconsistent, however.

[23]
Underfull \hbox (badness 10000) in paragraph at lines 319--336

 []


Underfull \hbox (badness 10000) in paragraph at lines 319--336

 []


Underfull \hbox (badness 10000) in paragraph at lines 319--336

 []


Underfull \hbox (badness 10000) in paragraph at lines 337--342

 []


Package Fancyhdr Warning: \headheight is too small (12.0pt): 
 Make it at least 18.0pt.
 We now make it that large for the rest of the document.
 This may cause the page layout to be inconsistent, however.

[24]
Underfull \hbox (badness 10000) in paragraph at lines 347--356

 []


Underfull \hbox (badness 10000) in paragraph at lines 347--356

 []


Package Fancyhdr Warning: \headheight is too small (12.0pt): 
 Make it at least 18.0pt.
 We now make it that large for the rest of the document.
 This may cause the page layout to be inconsistent, however.

[25]
Underfull \hbox (badness 10000) in paragraph at lines 361--369

 []


LaTeX Warning: Characters dropped after `\end{verbatim}' on input line 371.


Package Fancyhdr Warning: \headheight is too small (12.0pt): 
 Make it at least 18.0pt.
 We now make it that large for the rest of the document.
 This may cause the page layout to be inconsistent, however.

[26]
Missing character: There is no ‚ in font cmr12!
Missing character: There is no Ä in font cmr12!
Missing character: There is no ô in font cmr12!


Package Fancyhdr Warning: \headheight is too small (12.0pt): 
 Make it at least 18.0pt.
 We now make it that large for the rest of the document.
 This may cause the page layout to be inconsistent, however.

[27] <images/doxy1.png, id=543, 1051.93pt x 635.37375pt>
File: images/doxy1.png Graphic file (type png)

<use images/doxy1.png>
Package pdftex.def Info: images/doxy1.png used on input line 438.
(pdftex.def)             Requested size: 420.76454pt x 254.14499pt.


Package Fancyhdr Warning: \headheight is too small (12.0pt): 
 Make it at least 18.0pt.
 We now make it that large for the rest of the document.
 This may cause the page layout to be inconsistent, however.

[28 <./images/doxy1.png>] <images/doxy2.png, id=549, 1051.93pt x 635.37375pt>
File: images/doxy2.png Graphic file (type png)

<use images/doxy2.png>
Package pdftex.def Info: images/doxy2.png used on input line 440.
(pdftex.def)             Requested size: 420.76454pt x 254.14499pt.


Package Fancyhdr Warning: \headheight is too small (12.0pt): 
 Make it at least 18.0pt.
 We now make it that large for the rest of the document.
 This may cause the page layout to be inconsistent, however.

[29 <./images/doxy2.png>]
Underfull \hbox (badness 10000) in paragraph at lines 445--452

 []


Underfull \hbox (badness 10000) in paragraph at lines 445--452

 []

Missing character: There is no ‚ in font cmr12!
Missing character: There is no Ä in font cmr12!
Missing character: There is no î in font cmr12!
) (./input/design.tex
Underfull \hbox (badness 10000) in paragraph at lines 469--1

 []


Package Fancyhdr Warning: \headheight is too small (12.0pt): 
 Make it at least 18.0pt.
 We now make it that large for the rest of the document.
 This may cause the page layout to be inconsistent, however.

[30]
Underfull \hbox (badness 10000) in paragraph at lines 15--16

 []

<images/sss1.png, id=559, 572.1375pt x 415.5525pt>
File: images/sss1.png Graphic file (type png)
 <use images/sss1.png>
Package pdftex.def Info: images/sss1.png used on input line 18.
(pdftex.def)             Requested size: 343.28514pt x 249.33342pt.

Underfull \hbox (badness 10000) in paragraph at lines 17--19

 []


Package Fancyhdr Warning: \headheight is too small (12.0pt): 
 Make it at least 18.0pt.
 We now make it that large for the rest of the document.
 This may cause the page layout to be inconsistent, however.

[31 <./images/sss1.png (PNG copy)>]
<images/sss2.png, id=565, 612.2875pt x 449.68pt>
File: images/sss2.png Graphic file (type png)
 <use images/sss2.png>
Package pdftex.def Info: images/sss2.png used on input line 21.
(pdftex.def)             Requested size: 306.143pt x 224.83945pt.

Underfull \hbox (badness 10000) in paragraph at lines 20--38

 []


Package Fancyhdr Warning: \headheight is too small (12.0pt): 
 Make it at least 18.0pt.
 We now make it that large for the rest of the document.
 This may cause the page layout to be inconsistent, however.

[32 <./images/sss2.png (PNG copy)>]
<images/design1.png, id=570, 1051.93pt x 635.37375pt>
File: images/design1.png Graphic file (type png)
 <use images/design1.png>
Package pdftex.def Info: images/design1.png used on input line 40.
(pdftex.def)             Requested size: 420.76454pt x 254.14499pt.


Package Fancyhdr Warning: \headheight is too small (12.0pt): 
 Make it at least 18.0pt.
 We now make it that large for the rest of the document.
 This may cause the page layout to be inconsistent, however.

[33 <./images/design1.png>]
<images/design2.png, id=576, 1051.93pt x 635.37375pt>
File: images/design2.png Graphic file (type png)
 <use images/design2.png>
Package pdftex.def Info: images/design2.png used on input line 42.
(pdftex.def)             Requested size: 420.76454pt x 254.14499pt.


Package Fancyhdr Warning: \headheight is too small (12.0pt): 
 Make it at least 18.0pt.
 We now make it that large for the rest of the document.
 This may cause the page layout to be inconsistent, however.

[34 <./images/design2.png>]
<images/login.png, id=583, 1051.93pt x 635.37375pt>
File: images/login.png Graphic file (type png)
 <use images/login.png>
Package pdftex.def Info: images/login.png used on input line 50.
(pdftex.def)             Requested size: 420.76454pt x 254.14499pt.


Package Fancyhdr Warning: \headheight is too small (12.0pt): 
 Make it at least 18.0pt.
 We now make it that large for the rest of the document.
 This may cause the page layout to be inconsistent, however.

[35 <./images/login.png>]
<images/project.png, id=589, 1051.93pt x 635.37375pt>
File: images/project.png Graphic file (type png)
 <use images/project.png>
Package pdftex.def Info: images/project.png used on input line 53.
(pdftex.def)             Requested size: 420.76454pt x 254.14499pt.


Package Fancyhdr Warning: \headheight is too small (12.0pt): 
 Make it at least 18.0pt.
 We now make it that large for the rest of the document.
 This may cause the page layout to be inconsistent, however.

[36 <./images/project.png>]
<images/class.png, id=595, 1051.93pt x 635.37375pt>
File: images/class.png Graphic file (type png)
 <use images/class.png>
Package pdftex.def Info: images/class.png used on input line 56.
(pdftex.def)             Requested size: 420.76454pt x 254.14499pt.


Package Fancyhdr Warning: \headheight is too small (12.0pt): 
 Make it at least 18.0pt.
 We now make it that large for the rest of the document.
 This may cause the page layout to be inconsistent, however.

[37 <./images/class.png>] <images/rollno.png, id=602, 1051.93pt x 635.37375pt>
File: images/rollno.png Graphic file (type png)

<use images/rollno.png>
Package pdftex.def Info: images/rollno.png used on input line 59.
(pdftex.def)             Requested size: 420.76454pt x 254.14499pt.


Package Fancyhdr Warning: \headheight is too small (12.0pt): 
 Make it at least 18.0pt.
 We now make it that large for the rest of the document.
 This may cause the page layout to be inconsistent, however.

[38 <./images/rollno.png>]
<images/datesheet.png, id=608, 1051.93pt x 635.37375pt>
File: images/datesheet.png Graphic file (type png)

<use images/datesheet.png>
Package pdftex.def Info: images/datesheet.png used on input line 62.
(pdftex.def)             Requested size: 420.76454pt x 254.14499pt.


Package Fancyhdr Warning: \headheight is too small (12.0pt): 
 Make it at least 18.0pt.
 We now make it that large for the rest of the document.
 This may cause the page layout to be inconsistent, however.

[39 <./images/datesheet.png>]
<images/exam.png, id=614, 1051.93pt x 635.37375pt>
File: images/exam.png Graphic file (type png)
 <use images/exam.png>
Package pdftex.def Info: images/exam.png used on input line 65.
(pdftex.def)             Requested size: 420.76454pt x 254.14499pt.


Package Fancyhdr Warning: \headheight is too small (12.0pt): 
 Make it at least 18.0pt.
 We now make it that large for the rest of the document.
 This may cause the page layout to be inconsistent, however.

[40 <./images/exam.png>] <images/room.png, id=620, 1051.93pt x 635.37375pt>
File: images/room.png Graphic file (type png)

<use images/room.png>
Package pdftex.def Info: images/room.png used on input line 68.
(pdftex.def)             Requested size: 420.76454pt x 254.14499pt.


Package Fancyhdr Warning: \headheight is too small (12.0pt): 
 Make it at least 18.0pt.
 We now make it that large for the rest of the document.
 This may cause the page layout to be inconsistent, however.

[41 <./images/room.png>]
<images/strategy.png, id=626, 1051.93pt x 635.37375pt>
File: images/strategy.png Graphic file (type png)

<use images/strategy.png>
Package pdftex.def Info: images/strategy.png used on input line 71.
(pdftex.def)             Requested size: 420.76454pt x 254.14499pt.


Package Fancyhdr Warning: \headheight is too small (12.0pt): 
 Make it at least 18.0pt.
 We now make it that large for the rest of the document.
 This may cause the page layout to be inconsistent, however.

[42 <./images/strategy.png>]
<images/valid.png, id=632, 1051.93pt x 635.37375pt>
File: images/valid.png Graphic file (type png)
 <use images/valid.png>
Package pdftex.def Info: images/valid.png used on input line 74.
(pdftex.def)             Requested size: 420.76454pt x 254.14499pt.


Package Fancyhdr Warning: \headheight is too small (12.0pt): 
 Make it at least 18.0pt.
 We now make it that large for the rest of the document.
 This may cause the page layout to be inconsistent, however.

[43 <./images/valid.png>] <images/report.png, id=639, 1051.93pt x 635.37375pt>
File: images/report.png Graphic file (type png)

<use images/report.png>
Package pdftex.def Info: images/report.png used on input line 77.
(pdftex.def)             Requested size: 420.76454pt x 254.14499pt.


Package Fancyhdr Warning: \headheight is too small (12.0pt): 
 Make it at least 18.0pt.
 We now make it that large for the rest of the document.
 This may cause the page layout to be inconsistent, however.

[44 <./images/report.png>]
<images/seatplan.png, id=645, 1051.93pt x 635.37375pt>
File: images/seatplan.png Graphic file (type png)

<use images/seatplan.png>
Package pdftex.def Info: images/seatplan.png used on input line 80.
(pdftex.def)             Requested size: 420.76454pt x 254.14499pt.
)

Package Fancyhdr Warning: \headheight is too small (12.0pt): 
 Make it at least 18.0pt.
 We now make it that large for the rest of the document.
 This may cause the page layout to be inconsistent, however.

[45 <./images/seatplan.png>] (./input/conclusion.tex

Package Fancyhdr Warning: \headheight is too small (12.0pt): 
 Make it at least 18.0pt.
 We now make it that large for the rest of the document.
 This may cause the page layout to be inconsistent, however.

[46]

Package Fancyhdr Warning: \headheight is too small (12.0pt): 
 Make it at least 18.0pt.
 We now make it that large for the rest of the document.
 This may cause the page layout to be inconsistent, however.

[47])

Package Fancyhdr Warning: \headheight is too small (12.0pt): 
 Make it at least 18.0pt.
 We now make it that large for the rest of the document.
 This may cause the page layout to be inconsistent, however.

[48] (./input/bibliography.tex)

Package lastpage Warning: Rerun to get the references right on input line 80.


AED: lastpage setting LastPage

Package Fancyhdr Warning: \headheight is too small (12.0pt): 
 Make it at least 18.0pt.
 We now make it that large for the rest of the document.
 This may cause the page layout to be inconsistent, however.

[49pdfTeX warning (ext4): destination with the same identifier (name{cite.}) ha
s been already used, duplicate ignored

\AtBegShi@Output ...ipout \box \AtBeginShipoutBox 
                                                  \fi \fi 
l.80 \end{document}
                   pdfTeX warning (ext4): destination with the same identifier 
(name{cite.}) has been already used, duplicate ignored

\AtBegShi@Output ...ipout \box \AtBeginShipoutBox 
                                                  \fi \fi 
l.80 \end{document}
                   pdfTeX warning (ext4): destination with the same identifier 
(name{cite.}) has been already used, duplicate ignored

\AtBegShi@Output ...ipout \box \AtBeginShipoutBox 
                                                  \fi \fi 
l.80 \end{document}
                   pdfTeX warning (ext4): destination with the same identifier 
(name{cite.}) has been already used, duplicate ignored

\AtBegShi@Output ...ipout \box \AtBeginShipoutBox 
                                                  \fi \fi 
l.80 \end{document}
                   pdfTeX warning (ext4): destination with the same identifier 
(name{cite.}) has been already used, duplicate ignored

\AtBegShi@Output ...ipout \box \AtBeginShipoutBox 
                                                  \fi \fi 
l.80 \end{document}
                   pdfTeX warning (ext4): destination with the same identifier 
(name{cite.}) has been already used, duplicate ignored

\AtBegShi@Output ...ipout \box \AtBeginShipoutBox 
                                                  \fi \fi 
l.80 \end{document}
                   ]
Package atveryend Info: Empty hook `BeforeClearDocument' on input line 80.
Package atveryend Info: Empty hook `AfterLastShipout' on input line 80.
 (./report.aux)
Package atveryend Info: Executing hook `AtVeryEndDocument' on input line 80.
Package atveryend Info: Executing hook `AtEndAfterFileList' on input line 80.


Package rerunfilecheck Warning: File `report.out' has changed.
(rerunfilecheck)                Rerun to get outlines right
(rerunfilecheck)                or use package `bookmark'.

Package rerunfilecheck Info: Checksums for `report.out':
(rerunfilecheck)             Before: BEBB00C22F2F20E00468E53DFA160A91;4045
(rerunfilecheck)             After:  8B941F53A4EB3FCDAAD8D16BB5940AD8;4288.

LaTeX Warning: There were multiply-defined labels.

Package atveryend Info: Empty hook `AtVeryVeryEnd' on input line 80.
 ) 
Here is how much of TeX's memory you used:
 6857 strings out of 493485
 99278 string characters out of 3143526
 190395 words of memory out of 3000000
 9873 multiletter control sequences out of 15000+200000
 15447 words of font info for 59 fonts, out of 3000000 for 9000
 957 hyphenation exceptions out of 8191
 36i,14n,43p,822b,384s stack positions out of 5000i,500n,10000p,200000b,50000s
</usr/share/texlive/texmf-dist/fonts/type1/public/amsfonts/cm/cmbx10.pfb></us
r/share/texlive/texmf-dist/fonts/type1/public/amsfonts/cm/cmbx12.pfb></usr/shar
e/texlive/texmf-dist/fonts/type1/public/amsfonts/cm/cmbx8.pfb></usr/share/texli
ve/texmf-dist/fonts/type1/public/amsfonts/cm/cmr12.pfb></usr/share/texlive/texm
f-dist/fonts/type1/public/amsfonts/cm/cmr17.pfb></usr/share/texlive/texmf-dist/
fonts/type1/public/amsfonts/cm/cmr8.pfb></usr/share/texlive/texmf-dist/fonts/ty
pe1/public/amsfonts/cm/cmsl12.pfb></usr/share/texlive/texmf-dist/fonts/type1/pu
blic/amsfonts/cm/cmsl8.pfb></usr/share/texlive/texmf-dist/fonts/type1/public/am
sfonts/cm/cmsy10.pfb></usr/share/texlive/texmf-dist/fonts/type1/public/amsfonts
/cm/cmtt12.pfb>
Output written on report.pdf (55 pages, 1359529 bytes).
PDF statistics:
 740 PDF objects out of 1000 (max. 8388607)
 617 compressed objects within 7 object streams
 149 named destinations out of 1000 (max. 500000)
 645 words of extra memory for PDF output out of 10000 (max. 10000000)

